<?xml version="1.0" encoding="UTF-8"?>
<testng-results ignored="4" total="6" passed="2" failed="0" skipped="0">
  <reporter-output>
  </reporter-output>
  <suite started-at="2023-03-08T15:34:19 ICT" name="Default Suite" finished-at="2023-03-08T15:34:33 ICT" duration-ms="14232">
    <groups>
    </groups>
    <test started-at="2023-03-08T15:34:19 ICT" name="TestTutorialsNinja" finished-at="2023-03-08T15:34:33 ICT" duration-ms="14232">
      <class name="com.tutorialsninja.qa.testcases.Login">
        <test-method is-config="true" signature="Setup()[pri:0, instance:com.tutorialsninja.qa.testcases.Login@290d210d]" started-at="2023-03-08T15:34:20 ICT" name="Setup" finished-at="2023-03-08T15:34:27 ICT" duration-ms="7024" status="PASS">
          <reporter-output>
          </reporter-output>
        </test-method> <!-- Setup -->
        <test-method signature="verifyLoginWithValidCredentials(java.lang.String,java.lang.String)[pri:1, instance:com.tutorialsninja.qa.testcases.Login@290d210d]" started-at="2023-03-08T15:34:27 ICT" name="verifyLoginWithValidCredentials" data-provider="validCredentialsSupplier" finished-at="2023-03-08T15:34:28 ICT" duration-ms="854" status="PASS">
          <params>
            <param index="0">
              <value>
                <![CDATA[thongcaovan260398@gmail.com]]>
              </value>
            </param>
            <param index="1">
              <value>
                <![CDATA[Zthongtrum9]]>
              </value>
            </param>
          </params>
          <reporter-output>
          </reporter-output>
        </test-method> <!-- verifyLoginWithValidCredentials -->
        <test-method is-config="true" signature="tearDown()[pri:0, instance:com.tutorialsninja.qa.testcases.Login@290d210d]" started-at="2023-03-08T15:34:28 ICT" name="tearDown" finished-at="2023-03-08T15:34:28 ICT" duration-ms="218" status="PASS">
          <reporter-output>
          </reporter-output>
        </test-method> <!-- tearDown -->
        <test-method is-config="true" signature="Setup()[pri:0, instance:com.tutorialsninja.qa.testcases.Login@290d210d]" started-at="2023-03-08T15:34:28 ICT" name="Setup" finished-at="2023-03-08T15:34:32 ICT" duration-ms="3992" status="PASS">
          <reporter-output>
          </reporter-output>
        </test-method> <!-- Setup -->
        <test-method signature="verifyLoginWithValidCredentials(java.lang.String,java.lang.String)[pri:1, instance:com.tutorialsninja.qa.testcases.Login@290d210d]" started-at="2023-03-08T15:34:32 ICT" name="verifyLoginWithValidCredentials" data-provider="validCredentialsSupplier" finished-at="2023-03-08T15:34:33 ICT" duration-ms="850" status="PASS">
          <params>
            <param index="0">
              <value>
                <![CDATA[honggam0805@gmail.com]]>
              </value>
            </param>
            <param index="1">
              <value>
                <![CDATA[thongtrum9]]>
              </value>
            </param>
          </params>
          <reporter-output>
          </reporter-output>
        </test-method> <!-- verifyLoginWithValidCredentials -->
        <test-method is-config="true" signature="tearDown()[pri:0, instance:com.tutorialsninja.qa.testcases.Login@290d210d]" started-at="2023-03-08T15:34:33 ICT" name="tearDown" finished-at="2023-03-08T15:34:33 ICT" duration-ms="158" status="PASS">
          <reporter-output>
          </reporter-output>
        </test-method> <!-- tearDown -->
      </class> <!-- com.tutorialsninja.qa.testcases.Login -->
    </test> <!-- TestTutorialsNinja -->
  </suite> <!-- Default Suite -->
</testng-results>
